[2020-09-24T17:16:39.215252+03:00] name.ERROR: Array [] []
[2020-09-24T17:18:54.064604+03:00] name.ERROR: Array [] []
[2020-09-24T17:19:19.261439+03:00] name.ERROR: Array [] []
[2020-09-24T17:20:18.585574+03:00] name.ERROR:  [] []
[2020-09-24T17:20:38.094201+03:00] name.ERROR: 123123 [] []
[2020-09-25T09:59:52.295656+03:00] name.ERROR: POST DATA:  [] []
[2020-09-25T10:03:00.845215+03:00] name.ERROR: POST DATA:  [] []
[2020-09-25T10:22:29.141102+03:00] name.ERROR: POST DATA:  [] []
[2020-09-25T10:22:51.507426+03:00] name.ERROR: POST DATA:  [] []
[2020-09-25T10:24:18.168751+03:00] name.ERROR: POST DATA:  [] []
[2020-09-25T10:30:15.324365+03:00] name.ERROR: POST DATA:  [] []
[2020-09-25T10:30:57.504005+03:00] name.ERROR: POST DATA:  [] []
[2020-09-25T10:31:34.701077+03:00] name.ERROR: POST DATA:  [] []
[2020-09-25T10:31:35.238152+03:00] name.ERROR: IS_PAID: 1 [] []
[2020-09-25T10:31:35.238801+03:00] name.ERROR: USER ID: 1 [] []
[2020-09-25T10:31:35.239469+03:00] name.ERROR: AMOUNT: 1 [] []
[2020-09-25T10:31:35.240121+03:00] name.ERROR: post[us_usd]: 1 [] []
[2020-09-25T10:31:35.493879+03:00] name.ERROR: Save history cash: 114 [] []
[2020-09-25T10:31:35.498213+03:00] name.ERROR: HISTORY CASH ID FROM DB: 1 [] []
[2020-09-25T10:35:22.883167+03:00] name.ERROR: POST DATA:  [] []
[2020-09-25T10:35:32.158282+03:00] name.ERROR: POST DATA:  [] []
[2020-09-25T10:59:23.579895+03:00] name.ERROR: POST DATA:  [] []
[2020-09-25T10:59:23.802335+03:00] name.ERROR: order_usd: 777770000 [] []
[2020-09-25T10:59:23.803159+03:00] name.ERROR: post['us_usd']: 1 [] []
[2020-09-25T10:59:35.033277+03:00] name.ERROR: POST DATA:  [] []
[2020-09-25T10:59:35.265833+03:00] name.ERROR: order_usd: 777770000 [] []
[2020-09-25T10:59:35.266486+03:00] name.ERROR: post['us_usd']: 1 [] []
[2020-09-25T10:59:35.505798+03:00] name.ERROR: IS_PAID: 1 [] []
[2020-09-25T10:59:35.506488+03:00] name.ERROR: USER ID: 1 [] []
[2020-09-25T10:59:35.507129+03:00] name.ERROR: AMOUNT: 1 [] []
[2020-09-25T10:59:35.507688+03:00] name.ERROR: post[us_usd]: 1 [] []
[2020-09-25T10:59:35.710057+03:00] name.ERROR: Save history cash: 115 [] []
[2020-09-25T10:59:35.715828+03:00] name.ERROR: HISTORY CASH ID FROM DB: 1 [] []
